<?xml version="1.0" encoding="UTF-8"?>
<testsuite name="com.bl.quantitymeasurement.service.QuantityMeasurementServiceImplTest" tests="25" skipped="0" failures="0" errors="0" timestamp="2020-07-09T17:15:09" hostname="DESKTOP-QIO4ADF" time="1.233">
  <properties/>
  <testcase name="givenQuantityMeasurement_WhenThreePointSeventyEightLitreConvertToGallon_ThenReturnOne" classname="com.bl.quantitymeasurement.service.QuantityMeasurementServiceImplTest" time="1.178"/>
  <testcase name="givenQuantityMeasurement_WhenTwoHundredTwelveFahrenheitConvertToCelsius_ThenReturnHundred" classname="com.bl.quantitymeasurement.service.QuantityMeasurementServiceImplTest" time="0.002"/>
  <testcase name="givenQuantityMeasurement_WhenThousandMLConvertToLitre_ThenReturnOne" classname="com.bl.quantitymeasurement.service.QuantityMeasurementServiceImplTest" time="0.003"/>
  <testcase name="givenQuantityMeasurement_WhenHundredCelsiusConvertIntoFahrenheit_ThenReturnTwoHundredTwelve" classname="com.bl.quantitymeasurement.service.QuantityMeasurementServiceImplTest" time="0.003"/>
  <testcase name="givenQuantityMeasurement_WhenOneFeetConvertToCM_ThenReturnThirty" classname="com.bl.quantitymeasurement.service.QuantityMeasurementServiceImplTest" time="0.001"/>
  <testcase name="givenQuantityMeasurement_WhenCallBaseUnit_ThenReturnListOfUnits" classname="com.bl.quantitymeasurement.service.QuantityMeasurementServiceImplTest" time="0.001"/>
  <testcase name="givenQuantityMeasurement_WhenOneKGConvertToGM_ThenReturnThousand" classname="com.bl.quantitymeasurement.service.QuantityMeasurementServiceImplTest" time="0.001"/>
  <testcase name="givenQuantityMeasurement_WhenCallSubBaseUnitOfWeight_ThenReturnListOfUnits" classname="com.bl.quantitymeasurement.service.QuantityMeasurementServiceImplTest" time="0.005"/>
  <testcase name="givenQuantityMeasurement_WhenCallSubBaseUnitOfLength_ThenReturnListOfUnits" classname="com.bl.quantitymeasurement.service.QuantityMeasurementServiceImplTest" time="0.001"/>
  <testcase name="givenQuantityMeasurement_WhenOneTonneConvertToKG_ThenReturnThousand" classname="com.bl.quantitymeasurement.service.QuantityMeasurementServiceImplTest" time="0.001"/>
  <testcase name="givenQuantityMeasurement_WhenCallSubBaseUnitOfVolume_ThenReturnListOfUnits" classname="com.bl.quantitymeasurement.service.QuantityMeasurementServiceImplTest" time="0.001"/>
  <testcase name="givenQuantityMeasurement_WhenTwoDifferentBaseUnitsPassInRequest_ThenThrowException" classname="com.bl.quantitymeasurement.service.QuantityMeasurementServiceImplTest" time="0.002"/>
  <testcase name="givenQuantityMeasurement_WhenZeroPointZeroZeroOneTonneConvertToGM_ThenReturnThousand" classname="com.bl.quantitymeasurement.service.QuantityMeasurementServiceImplTest" time="0.0"/>
  <testcase name="givenQuantityMeasurement_WhenTwelveInchConvertToFeet_ThenReturnOne" classname="com.bl.quantitymeasurement.service.QuantityMeasurementServiceImplTest" time="0.0"/>
  <testcase name="givenQuantityMeasurement_WhenYardConvertToCM_ThenReturnNinety" classname="com.bl.quantitymeasurement.service.QuantityMeasurementServiceImplTest" time="0.001"/>
  <testcase name="givenQuantityMeasurement_WhenThreeThousandSevenHundredEightyMLConvertToGallon_ThenReturnOne" classname="com.bl.quantitymeasurement.service.QuantityMeasurementServiceImplTest" time="0.003"/>
  <testcase name="givenQuantityMeasurement_WhenNullOrEmptySubUnitsPassInRequest_ThenThrowException" classname="com.bl.quantitymeasurement.service.QuantityMeasurementServiceImplTest" time="0.001"/>
  <testcase name="givenQuantityMeasurement_WhenOneYardConvertToFeet_ThenReturnThree" classname="com.bl.quantitymeasurement.service.QuantityMeasurementServiceImplTest" time="0.001"/>
  <testcase name="givenQuantityMeasurement_WhenTwoInchConvertToCM_ThenReturnFive" classname="com.bl.quantitymeasurement.service.QuantityMeasurementServiceImplTest" time="0.001"/>
  <testcase name="givenQuantityMeasurement_WhenOneYardConvertToInch_ThenReturnThirtySix" classname="com.bl.quantitymeasurement.service.QuantityMeasurementServiceImplTest" time="0.001"/>
  <testcase name="givenQuantityMeasurement_WhenFiveCMConvertToInch_ThenReturnTwo" classname="com.bl.quantitymeasurement.service.QuantityMeasurementServiceImplTest" time="0.001"/>
  <testcase name="givenQuantityMeasurement_WhenLitreConvertToML_ThenReturnThousand" classname="com.bl.quantitymeasurement.service.QuantityMeasurementServiceImplTest" time="0.001"/>
  <testcase name="givenQuantityMeasurement_WhenOneFeetConvertIntoInch_ThenReturnTwelve" classname="com.bl.quantitymeasurement.service.QuantityMeasurementServiceImplTest" time="0.001"/>
  <testcase name="givenQuantityMeasurement_WhenThousandKGConvertToTonne_ThenReturnOne" classname="com.bl.quantitymeasurement.service.QuantityMeasurementServiceImplTest" time="0.001"/>
  <testcase name="givenQuantityMeasurement_WhenCallSubBaseUnitOfTemperature_ThenReturnListOfUnits" classname="com.bl.quantitymeasurement.service.QuantityMeasurementServiceImplTest" time="0.001"/>
  <system-out><![CDATA[]]></system-out>
  <system-err><![CDATA[]]></system-err>
</testsuite>
