<?xml version="1.0" encoding="UTF-8"?>
<testsuite name="com.bl.quantitymeasurement.service.QuantityMeasurementServiceImplTest" tests="1" skipped="0" failures="0" errors="0" timestamp="2020-07-06T18:54:10" hostname="DESKTOP-QIO4ADF" time="1.638">
  <properties/>
  <testcase name="givenQuantityMeasurement_WhenOneCelsiusConvertIntoFahrenheit_ThenReturnThirtyThreePointEight" classname="com.bl.quantitymeasurement.service.QuantityMeasurementServiceImplTest" time="1.638"/>
  <system-out><![CDATA[]]></system-out>
  <system-err><![CDATA[]]></system-err>
</testsuite>
