<?xml version="1.0" encoding="UTF-8"?>
<testsuite name="com.bl.quantitymeasurement.service.QuantityMeasurementServiceImplTest" tests="1" skipped="0" failures="0" errors="0" timestamp="2020-07-08T16:32:53" hostname="DESKTOP-QIO4ADF" time="1.189">
  <properties/>
  <testcase name="givenQuantityMeasurement_WhenCallBaseUnit_ThenReturnListOfUnits" classname="com.bl.quantitymeasurement.service.QuantityMeasurementServiceImplTest" time="1.189"/>
  <system-out><![CDATA[]]></system-out>
  <system-err><![CDATA[]]></system-err>
</testsuite>
