<?xml version="1.0" encoding="UTF-8"?>
<testsuite name="com.bl.quantitymeasurement.controller.QuantityMeasurementControllerTest" tests="1" skipped="0" failures="0" errors="0" timestamp="2020-07-06T16:24:39" hostname="DESKTOP-QIO4ADF" time="3.424">
  <properties/>
  <testcase name="givenQuantityMeasurement_WhenYardConvertToCM_ThenReturnNinetyInResponse" classname="com.bl.quantitymeasurement.controller.QuantityMeasurementControllerTest" time="3.424"/>
  <system-out><![CDATA[21:54:41.730 [Test worker] DEBUG org.springframework.test.util.ReflectionTestUtils - Setting field 'quantityMeasurementService' of type [null] on target object [com.bl.quantitymeasurement.controller.QuantityMeasurementController@5f2b309f] or target class [class com.bl.quantitymeasurement.controller.QuantityMeasurementController] to value [quantityMeasurementService]
21:54:42.186 [Test worker] DEBUG org.springframework.web.servlet.mvc.method.annotation.RequestMappingHandlerMapping - 2 mappings in <unknown>
21:54:42.547 [Test worker] DEBUG org.springframework.web.servlet.mvc.method.annotation.RequestMappingHandlerAdapter - ControllerAdvice beans: 0 @ModelAttribute, 0 @InitBinder, 1 RequestBodyAdvice, 1 ResponseBodyAdvice
21:54:42.635 [Test worker] DEBUG org.springframework.web.servlet.mvc.method.annotation.ExceptionHandlerExceptionResolver - ControllerAdvice beans: 0 @ExceptionHandler, 1 ResponseBodyAdvice
21:54:42.705 [Test worker] INFO org.springframework.mock.web.MockServletContext - Initializing Spring TestDispatcherServlet ''
21:54:42.705 [Test worker] INFO org.springframework.test.web.servlet.TestDispatcherServlet - Initializing Servlet ''
21:54:42.713 [Test worker] DEBUG org.springframework.test.web.servlet.TestDispatcherServlet - Detected AcceptHeaderLocaleResolver
21:54:42.713 [Test worker] DEBUG org.springframework.test.web.servlet.TestDispatcherServlet - Detected FixedThemeResolver
21:54:42.717 [Test worker] DEBUG org.springframework.test.web.servlet.TestDispatcherServlet - Detected org.springframework.web.servlet.view.DefaultRequestToViewNameTranslator@79898886
21:54:42.718 [Test worker] DEBUG org.springframework.test.web.servlet.TestDispatcherServlet - Detected org.springframework.web.servlet.support.SessionFlashMapManager@58f85c64
21:54:42.719 [Test worker] DEBUG org.springframework.test.web.servlet.TestDispatcherServlet - enableLoggingRequestDetails='false': request parameters and headers will be masked to prevent unsafe logging of potentially sensitive data
21:54:42.721 [Test worker] INFO org.springframework.test.web.servlet.TestDispatcherServlet - Completed initialization in 15 ms
21:54:43.003 [Test worker] DEBUG org.springframework.test.web.servlet.TestDispatcherServlet - GET "/quantity/convert", parameters={}
21:54:43.012 [Test worker] DEBUG org.springframework.web.servlet.mvc.method.annotation.RequestMappingHandlerMapping - Mapped to com.bl.quantitymeasurement.controller.QuantityMeasurementController#conversion(Quantity)
21:54:43.134 [Test worker] DEBUG org.springframework.web.servlet.mvc.method.annotation.RequestResponseBodyMethodProcessor - Read "application/json" to [com.bl.quantitymeasurement.model.Quantity@1e70a75c]
21:54:43.191 [Test worker] DEBUG org.springframework.web.servlet.mvc.method.annotation.HttpEntityMethodProcessor - Using 'application/json', given [*/*] and supported [application/json, application/*+json]
21:54:43.192 [Test worker] DEBUG org.springframework.web.servlet.mvc.method.annotation.HttpEntityMethodProcessor - Writing [com.bl.quantitymeasurement.model.Response@7d2516fe]
21:54:43.209 [Test worker] DEBUG org.springframework.test.web.servlet.TestDispatcherServlet - Completed 200 OK
]]></system-out>
  <system-err><![CDATA[]]></system-err>
</testsuite>
