<?xml version="1.0" encoding="UTF-8"?>
<testsuite name="com.bl.quantitymeasurement.controller.QuantityMeasurementControllerTest" tests="1" skipped="0" failures="0" errors="0" timestamp="2020-07-06T16:32:08" hostname="DESKTOP-QIO4ADF" time="5.58">
  <properties/>
  <testcase name="givenQuantityMeasurement_WhenCallBaseUnit_ThenReturnListOfUnits" classname="com.bl.quantitymeasurement.controller.QuantityMeasurementControllerTest" time="5.58"/>
  <system-out><![CDATA[22:02:11.901 [Test worker] DEBUG org.springframework.test.util.ReflectionTestUtils - Setting field 'quantityMeasurementService' of type [null] on target object [com.bl.quantitymeasurement.controller.QuantityMeasurementController@37a4ef56] or target class [class com.bl.quantitymeasurement.controller.QuantityMeasurementController] to value [quantityMeasurementService]
22:02:13.037 [Test worker] DEBUG org.springframework.web.servlet.mvc.method.annotation.RequestMappingHandlerMapping - 3 mappings in <unknown>
22:02:13.487 [Test worker] DEBUG org.springframework.web.servlet.mvc.method.annotation.RequestMappingHandlerAdapter - ControllerAdvice beans: 0 @ModelAttribute, 0 @InitBinder, 1 RequestBodyAdvice, 1 ResponseBodyAdvice
22:02:13.634 [Test worker] DEBUG org.springframework.web.servlet.mvc.method.annotation.ExceptionHandlerExceptionResolver - ControllerAdvice beans: 0 @ExceptionHandler, 1 ResponseBodyAdvice
22:02:13.754 [Test worker] INFO org.springframework.mock.web.MockServletContext - Initializing Spring TestDispatcherServlet ''
22:02:13.755 [Test worker] INFO org.springframework.test.web.servlet.TestDispatcherServlet - Initializing Servlet ''
22:02:13.777 [Test worker] DEBUG org.springframework.test.web.servlet.TestDispatcherServlet - Detected AcceptHeaderLocaleResolver
22:02:13.778 [Test worker] DEBUG org.springframework.test.web.servlet.TestDispatcherServlet - Detected FixedThemeResolver
22:02:13.782 [Test worker] DEBUG org.springframework.test.web.servlet.TestDispatcherServlet - Detected org.springframework.web.servlet.view.DefaultRequestToViewNameTranslator@184282b2
22:02:13.785 [Test worker] DEBUG org.springframework.test.web.servlet.TestDispatcherServlet - Detected org.springframework.web.servlet.support.SessionFlashMapManager@275cd574
22:02:13.786 [Test worker] DEBUG org.springframework.test.web.servlet.TestDispatcherServlet - enableLoggingRequestDetails='false': request parameters and headers will be masked to prevent unsafe logging of potentially sensitive data
22:02:13.787 [Test worker] INFO org.springframework.test.web.servlet.TestDispatcherServlet - Completed initialization in 32 ms
22:02:14.145 [Test worker] DEBUG org.springframework.test.web.servlet.TestDispatcherServlet - GET "/quantity/baseUnits", parameters={}
22:02:14.165 [Test worker] DEBUG org.springframework.web.servlet.mvc.method.annotation.RequestMappingHandlerMapping - Mapped to com.bl.quantitymeasurement.controller.QuantityMeasurementController#baseUnits()
22:02:14.390 [Test worker] DEBUG org.springframework.web.servlet.mvc.method.annotation.RequestResponseBodyMethodProcessor - Using 'application/json', given [*/*] and supported [application/json, application/*+json]
22:02:14.395 [Test worker] DEBUG org.springframework.web.servlet.mvc.method.annotation.RequestResponseBodyMethodProcessor - Writing [[Length]]
22:02:14.443 [Test worker] DEBUG org.springframework.test.web.servlet.TestDispatcherServlet - Completed 200 OK
]]></system-out>
  <system-err><![CDATA[]]></system-err>
</testsuite>
